<?xml version="1.0" encoding="UTF-8"?>
<testsuite xmlns:xsi="http://www.w3.org/2001/XMLSchema-instance" xsi:noNamespaceSchemaLocation="https://maven.apache.org/surefire/maven-surefire-plugin/xsd/surefire-test-report.xsd" version="3.0.2" name="io.datajek.springmvc.tennisplayerweb.TennisPlayerWebApplicationTests" time="1.393" tests="1" errors="0" skipped="0" failures="0">
  <properties>
[...]
</properties>
  <testcase name="contextLoads" classname="io.datajek.springmvc.tennisplayerweb.TennisPlayerWebApplicationTests" time="0.431">
    <system-out><![CDATA[21:48:08.916 [main] INFO org.springframework.test.context.support.AnnotationConfigContextLoaderUtils -- Could not detect default configuration classes for test class [io.datajek.springmvc.tennisplayerweb.TennisPlayerWebApplicationTests]: TennisPlayerWebApplicationTests does not declare any static, non-private, non-final, nested classes annotated with @Configuration.
21:48:08.968 [main] INFO org.springframework.boot.test.context.SpringBootTestContextBootstrapper -- Found @SpringBootConfiguration io.datajek.springmvc.tennisplayerweb.TennisPlayerWebApplication for test class io.datajek.springmvc.tennisplayerweb.TennisPlayerWebApplicationTests
21:48:09.037 [main] INFO org.springframework.boot.devtools.restart.RestartApplicationListener -- Restart disabled due to context in which it is running

  .   ____          _            __ _ _
 /\\ / ___'_ __ _ _(_)_ __  __ _ \ \ \ \
( ( )\___ | '_ | '_| | '_ \/ _` | \ \ \ \
 \\/  ___)| |_)| | | | | || (_| |  ) ) ) )
  '  |____| .__|_| |_|_| |_\__, | / / / /
 =========|_|==============|___/=/_/_/_/

 :: Spring Boot ::                (v3.4.2)

2025-02-17T21:48:09.167+06:30  INFO 57015 --- [tennis-player-web] [           main] i.d.s.t.TennisPlayerWebApplicationTests  : Starting TennisPlayerWebApplicationTests using Java 21.0.5 with PID 57015 (started by s1thu in /Users/s1thu/SpringLearning/tennis-player-web)
2025-02-17T21:48:09.168+06:30  INFO 57015 --- [tennis-player-web] [           main] i.d.s.t.TennisPlayerWebApplicationTests  : No active profile set, falling back to 1 default profile: "default"
2025-02-17T21:48:09.783+06:30  INFO 57015 --- [tennis-player-web] [           main] i.d.s.t.TennisPlayerWebApplicationTests  : Started TennisPlayerWebApplicationTests in 0.752 seconds (process running for 1.187)
]]></system-out>
    <system-err><![CDATA[Mockito is currently self-attaching to enable the inline-mock-maker. This will no longer work in future releases of the JDK. Please add Mockito as an agent to your build what is described in Mockito's documentation: https://javadoc.io/doc/org.mockito/mockito-core/latest/org/mockito/Mockito.html#0.3
WARNING: A Java agent has been loaded dynamically (/Users/s1thu/.m2/repository/net/bytebuddy/byte-buddy-agent/1.15.11/byte-buddy-agent-1.15.11.jar)
WARNING: If a serviceability tool is in use, please run with -XX:+EnableDynamicAgentLoading to hide this warning
WARNING: If a serviceability tool is not in use, please run with -Djdk.instrument.traceUsage for more information
WARNING: Dynamic loading of agents will be disallowed by default in a future release
]]></system-err>
  </testcase>
</testsuite>